<?xml version="1.0" encoding="UTF-8"?>
<!-- Generated by org.testng.reporters.JUnitReportReporter -->
<testsuite hostname="localhost.localdomain" name="org.postgis.ServerTest" tests="1" failures="0" timestamp="3 Nov 2015 18:06:18 GMT" time="0.001" errors="0">
  <testcase name="testServer" time="0.001" classname="org.postgis.ServerTest"/>
</testsuite> <!-- org.postgis.ServerTest -->
