<?xml version="1.0" encoding="UTF-8"?>
<!-- Generated by org.testng.reporters.JUnitReportReporter -->
<testsuite hostname="localhost.localdomain" name="org.postgis.ParserTest" tests="1" failures="0" timestamp="3 Nov 2015 18:06:18 GMT" time="0.124" errors="0">
  <testcase name="testParser" time="0.124" classname="org.postgis.ParserTest"/>
</testsuite> <!-- org.postgis.ParserTest -->
