<?xml version="1.0" encoding="UTF-8"?>
<!-- Generated by org.testng.reporters.JUnitReportReporter -->
<testsuite hostname="localhost.localdomain" name="org.postgis.TokenizerTest" tests="1" failures="0" timestamp="3 Nov 2015 18:06:18 GMT" time="0.000" errors="0">
  <testcase name="testTokenizer" time="0.000" classname="org.postgis.TokenizerTest"/>
</testsuite> <!-- org.postgis.TokenizerTest -->
