<?xml version="1.0" encoding="UTF-8"?>
<!-- Generated by org.testng.reporters.JUnitReportReporter -->
<testsuite hostname="localhost.localdomain" name="org.postgis.DatatypesTest" tests="7" failures="0" timestamp="3 Nov 2015 18:06:18 GMT" time="0.008" errors="0">
  <testcase name="testLineString" time="0.000" classname="org.postgis.DatatypesTest"/>
  <testcase name="testPoint" time="0.000" classname="org.postgis.DatatypesTest"/>
  <testcase name="testMultiPolygon" time="0.001" classname="org.postgis.DatatypesTest"/>
  <testcase name="testPolygon" time="0.000" classname="org.postgis.DatatypesTest"/>
  <testcase name="testMultiLineString" time="0.006" classname="org.postgis.DatatypesTest"/>
  <testcase name="testLinearRing" time="0.000" classname="org.postgis.DatatypesTest"/>
  <testcase name="testPGgeometry" time="0.001" classname="org.postgis.DatatypesTest"/>
</testsuite> <!-- org.postgis.DatatypesTest -->
