<?xml version="1.0" encoding="UTF-8"?>
<!-- Generated by org.testng.reporters.JUnitReportReporter -->
<testsuite hostname="localhost.localdomain" name="org.postgis.VersionPrinter" tests="1" failures="0" timestamp="3 Nov 2015 18:06:18 GMT" time="0.003" errors="0">
  <testcase name="test" time="0.003" classname="org.postgis.VersionPrinter"/>
</testsuite> <!-- org.postgis.VersionPrinter -->
